<?xml version="1.0" encoding="UTF-8"?>
<!-- Generated by org.testng.reporters.JUnitXMLReporter -->
<testsuite ignored="1" hostname="DESKTOP-DERO07E" failures="0" tests="2" name="Test" time="6.112" errors="0" timestamp="2024-11-12T14:49:52 IST">
  <testcase classname="com.TestNG.Demo" name="instagram" time="5.705"/>
  <testcase classname="com.TestNG.Demo" name="Goggle" time="6.049"/>
  <testcase classname="com.TestNG.Demo" name="Facebook" time="0.0">
    <ignored/>
  </testcase> <!-- Facebook -->
</testsuite> <!-- Test -->
