<?xml version="1.0" encoding="UTF-8"?>
<testng-results ignored="0" total="1" passed="1" failed="0" skipped="0">
  <reporter-output>
  </reporter-output>
  <suite started-at="2024-11-28T14:18:46 IST" name="Suite" finished-at="2024-11-28T14:19:01 IST" duration-ms="15396">
    <groups>
    </groups>
    <test started-at="2024-11-28T14:18:46 IST" name="Test" finished-at="2024-11-28T14:19:01 IST" duration-ms="15396">
      <class name="com.TestNG.Flipkart">
        <test-method is-config="true" signature="close()[pri:0, instance:com.TestNG.Flipkart@72cde7cc]" started-at="2024-11-28T14:18:46 IST" name="close" finished-at="2024-11-28T14:18:53 IST" duration-ms="6913" status="PASS">
          <reporter-output>
          </reporter-output>
        </test-method> <!-- close -->
        <test-method signature="phone()[pri:0, instance:com.TestNG.Flipkart@72cde7cc]" started-at="2024-11-28T14:18:53 IST" name="phone" finished-at="2024-11-28T14:18:59 IST" duration-ms="6179" status="PASS">
          <reporter-output>
          </reporter-output>
        </test-method> <!-- phone -->
        <test-method is-config="true" signature="closeB()[pri:0, instance:com.TestNG.Flipkart@72cde7cc]" started-at="2024-11-28T14:18:59 IST" name="closeB" finished-at="2024-11-28T14:19:01 IST" duration-ms="2248" status="PASS">
          <reporter-output>
          </reporter-output>
        </test-method> <!-- closeB -->
      </class> <!-- com.TestNG.Flipkart -->
    </test> <!-- Test -->
  </suite> <!-- Suite -->
</testng-results>
